[debug] [2021-04-05T10:18:27.379Z] ----------------------------------------------------------------------
[debug] [2021-04-05T10:18:27.380Z] Command:       C:\Program Files\nodejs\node.exe C:\Users\marius.casvean\AppData\Roaming\npm\node_modules\firebase-tools\lib\bin\firebase.js init
[debug] [2021-04-05T10:18:27.380Z] CLI Version:   9.8.0
[debug] [2021-04-05T10:18:27.381Z] Platform:      win32
[debug] [2021-04-05T10:18:27.381Z] Node Version:  v12.14.0
[debug] [2021-04-05T10:18:27.381Z] Time:          Mon Apr 05 2021 13:18:27 GMT+0300 (Eastern European Summer Time)
[debug] [2021-04-05T10:18:27.382Z] ----------------------------------------------------------------------
[debug] 
[debug] [2021-04-05T10:18:27.387Z] > command requires scopes: ["email","openid","https://www.googleapis.com/auth/cloudplatformprojects.readonly","https://www.googleapis.com/auth/firebase","https://www.googleapis.com/auth/cloud-platform"]
[debug] [2021-04-05T10:18:27.387Z] > authorizing via signed-in user
[info] 
     ######## #### ########  ######## ########     ###     ######  ########
     ##        ##  ##     ## ##       ##     ##  ##   ##  ##       ##
     ######    ##  ########  ######   ########  #########  ######  ######
     ##        ##  ##    ##  ##       ##     ## ##     ##       ## ##
     ##       #### ##     ## ######## ########  ##     ##  ######  ########

You're about to initialize a Firebase project in this directory:

  C:\MariusCasvean\Projects\MedApp\medApp_v1.0

Before we get started, keep in mind:

  * You are currently outside your home directory

[info] 
=== Project Setup
[info] 
[info] First, let's associate this project directory with a Firebase project.
[info] You can create multiple project aliases by running firebase use --add, 
[info] but for now we'll just set up a default project.
[info] 
[debug] [2021-04-05T10:20:20.807Z] >>> [apiv2][query] GET https://firebase.googleapis.com/v1beta1/projects pageSize=100
[debug] [2021-04-05T10:20:21.281Z] <<< [apiv2][status] GET https://firebase.googleapis.com/v1beta1/projects 200
[debug] [2021-04-05T10:20:21.282Z] <<< [apiv2][body] GET https://firebase.googleapis.com/v1beta1/projects [omitted]
[info] i  Using project medapp1-df616 (medApp1) 
[info] 
=== Hosting Setup
[info] 
[info] Your public directory is the folder (relative to your project directory) that
[info] will contain Hosting assets to be uploaded with firebase deploy. If you
[info] have a build process for your assets, use your build's output directory.
[info] 
[debug] [2021-04-05T10:21:28.975Z] >>> [apiv2][query] GET https://www.gstatic.com/firebasejs/releases.json [none]
[debug] [2021-04-05T10:21:29.091Z] <<< [apiv2][status] GET https://www.gstatic.com/firebasejs/releases.json 200
[debug] [2021-04-05T10:21:29.091Z] <<< [apiv2][body] GET https://www.gstatic.com/firebasejs/releases.json {"current":{"version":"8.3.2","browserURL":"https://www.gstatic.com/firebasejs/8.3.2/firebase.js","packageURL":"https://www.gstatic.com/firebasejs/8.3.2/firebase.tgz"},"live":{"version":"8.3","browserURL":"https://www.gstatic.com/firebasejs/live/8.3/firebase.js","packageURL":"https://www.gstatic.com/firebasejs/live/8.3/firebase.tgz"},"components":{"analytics":"https://www.gstatic.com/firebasejs/8.3.2/firebase-analytics.js","app":"https://www.gstatic.com/firebasejs/8.3.2/firebase-app.js","auth":"https://www.gstatic.com/firebasejs/8.3.2/firebase-auth.js","database":"https://www.gstatic.com/firebasejs/8.3.2/firebase-database.js","firestore":"https://www.gstatic.com/firebasejs/8.3.2/firebase-firestore.js","functions":"https://www.gstatic.com/firebasejs/8.3.2/firebase-functions.js","installations":"https://www.gstatic.com/firebasejs/8.3.2/firebase-installations.js","messaging":"https://www.gstatic.com/firebasejs/8.3.2/firebase-messaging.js","storage":"https://www.gstatic.com/firebasejs/8.3.2/firebase-storage.js","performance":"https://www.gstatic.com/firebasejs/8.3.2/firebase-performance.js","remote-config":"https://www.gstatic.com/firebasejs/8.3.2/firebase-remote-config.js","firestore.memory":"https://www.gstatic.com/firebasejs/8.3.2/firebase-firestore.memory.js"}}
[info] +  Wrote public/index.html 
[info] 
[info] i  Didn't detect a .git folder. Assuming C:\MariusCasvean\Projects\MedApp\medApp_v1.0 is the project root. 
[info] i  Authorizing with GitHub to upload your service account to a GitHub repository's secrets store. 
[info] 
[info] Visit this URL on this device to log in:
[info] https://github.com/login/oauth/authorize?client_id=89cf50f02ac6aaed3484&state=522045887&redirect_uri=http%3A%2F%2Flocalhost%3A9005&scope=read%3Auser%20repo%20public_repo
[info] 
[info] Waiting for authentication...
[debug] [2021-04-05T10:23:40.109Z] >>> HTTP REQUEST POST https://github.com/login/oauth/access_token  
 {"client_id":"89cf50f02ac6aaed3484","client_secret":"3330d14abc895d9a74d5f17cd7a00711fa2c5bf0","code":"c187e6930afed428ef8e","redirect_uri":"http://localhost:9005","state":"522045887"}
[debug] [2021-04-05T10:23:40.358Z] <<< HTTP RESPONSE 200 {"server":"GitHub.com","date":"Mon, 05 Apr 2021 10:23:40 GMT","content-type":"application/json; charset=utf-8","transfer-encoding":"chunked","vary":"X-PJAX, Accept-Encoding, Accept, X-Requested-With","etag":"W/\"93c24e29dcd4dda4c8904088be4bd45b\"","cache-control":"max-age=0, private, must-revalidate","strict-transport-security":"max-age=31536000; includeSubdomains; preload","x-frame-options":"deny","x-content-type-options":"nosniff","x-xss-protection":"0","referrer-policy":"origin-when-cross-origin, strict-origin-when-cross-origin","expect-ct":"max-age=2592000, report-uri=\"https://api.github.com/_private/browser/errors\"","content-security-policy":"default-src 'none'; base-uri 'self'; block-all-mixed-content; connect-src 'self' uploads.github.com www.githubstatus.com collector.githubapp.com api.github.com github-cloud.s3.amazonaws.com github-production-repository-file-5c1aeb.s3.amazonaws.com github-production-upload-manifest-file-7fdce7.s3.amazonaws.com github-production-user-asset-6210df.s3.amazonaws.com cdn.optimizely.com logx.optimizely.com/v1/events wss://alive.github.com; font-src github.githubassets.com; form-action 'self' github.com gist.github.com; frame-ancestors 'none'; frame-src render.githubusercontent.com; img-src 'self' data: github.githubassets.com identicons.github.com collector.githubapp.com github-cloud.s3.amazonaws.com secured-user-images.githubusercontent.com/ *.githubusercontent.com; manifest-src 'self'; media-src 'none'; script-src github.githubassets.com; style-src 'unsafe-inline' github.githubassets.com; worker-src github.com/socket-worker-3f088aa2.js gist.github.com/socket-worker-3f088aa2.js","x-github-request-id":"D358:11317:2059059:222FC4E:606AE52C"}
[debug] [2021-04-05T10:23:40.360Z] >>> [apiv2][query] GET https://api.github.com/user [none]
[debug] [2021-04-05T10:23:40.623Z] <<< [apiv2][status] GET https://api.github.com/user 200
[debug] [2021-04-05T10:23:40.623Z] <<< [apiv2][body] GET https://api.github.com/user {"login":"MariusCasvean","id":36711664,"node_id":"MDQ6VXNlcjM2NzExNjY0","avatar_url":"https://avatars.githubusercontent.com/u/36711664?v=4","gravatar_id":"","url":"https://api.github.com/users/MariusCasvean","html_url":"https://github.com/MariusCasvean","followers_url":"https://api.github.com/users/MariusCasvean/followers","following_url":"https://api.github.com/users/MariusCasvean/following{/other_user}","gists_url":"https://api.github.com/users/MariusCasvean/gists{/gist_id}","starred_url":"https://api.github.com/users/MariusCasvean/starred{/owner}{/repo}","subscriptions_url":"https://api.github.com/users/MariusCasvean/subscriptions","organizations_url":"https://api.github.com/users/MariusCasvean/orgs","repos_url":"https://api.github.com/users/MariusCasvean/repos","events_url":"https://api.github.com/users/MariusCasvean/events{/privacy}","received_events_url":"https://api.github.com/users/MariusCasvean/received_events","type":"User","site_admin":false,"name":"Marius Cășvean","company":null,"blog":"https://www.linkedin.com/in/marius-c%C4%83%C5%9Fvean-905b7b150/","location":"Cluj-Napoca","email":null,"hireable":null,"bio":"Have you tried turning it OFF & ON again?","twitter_username":null,"public_repos":6,"public_gists":0,"followers":2,"following":2,"created_at":"2018-02-21T19:41:01Z","updated_at":"2021-04-05T10:22:57Z","private_gists":0,"total_private_repos":1,"owned_private_repos":1,"disk_usage":11917,"collaborators":0,"two_factor_authentication":false,"plan":{"name":"free","space":976562499,"collaborators":0,"private_repos":10000}}
[info] 
[info] +  Success! Logged into GitHub as MariusCasvean 
[info] 
[debug] [2021-04-05T10:23:55.731Z] >>> [apiv2][query] GET https://api.github.com/repos//actions/secrets/public-key type=owner
[debug] [2021-04-05T10:23:55.942Z] <<< [apiv2][status] GET https://api.github.com/repos//actions/secrets/public-key 404
[debug] [2021-04-05T10:23:55.943Z] <<< [apiv2][body] GET https://api.github.com/repos//actions/secrets/public-key {"message":"Not Found","documentation_url":"https://docs.github.com/rest"}
[debug] [2021-04-05T10:25:34.460Z] >>> [apiv2][query] GET https://api.github.com/repos/C:\MariusCasvean\Projects\MedApp\medApp_v1.0/actions/secrets/public-key type=owner
[debug] [2021-04-05T10:25:34.706Z] <<< [apiv2][status] GET https://api.github.com/repos/C:\MariusCasvean\Projects\MedApp\medApp_v1.0/actions/secrets/public-key 404
[debug] [2021-04-05T10:25:34.706Z] <<< [apiv2][body] GET https://api.github.com/repos/C:\MariusCasvean\Projects\MedApp\medApp_v1.0/actions/secrets/public-key {"message":"Not Found","documentation_url":"https://docs.github.com/rest"}
[debug] [2021-04-05T10:25:40.106Z] >>> [apiv2][query] GET https://api.github.com/repos//actions/secrets/public-key type=owner
[debug] [2021-04-05T10:25:40.308Z] <<< [apiv2][status] GET https://api.github.com/repos//actions/secrets/public-key 404
[debug] [2021-04-05T10:25:40.308Z] <<< [apiv2][body] GET https://api.github.com/repos//actions/secrets/public-key {"message":"Not Found","documentation_url":"https://docs.github.com/rest"}
[debug] [2021-04-05T10:25:50.557Z] >>> [apiv2][query] GET https://api.github.com/repos/ls/actions/secrets/public-key type=owner
[debug] [2021-04-05T10:25:50.784Z] <<< [apiv2][status] GET https://api.github.com/repos/ls/actions/secrets/public-key 404
[debug] [2021-04-05T10:25:50.784Z] <<< [apiv2][body] GET https://api.github.com/repos/ls/actions/secrets/public-key {"message":"Not Found","documentation_url":"https://docs.github.com/rest"}
[debug] [2021-04-05T10:25:51.650Z] >>> [apiv2][query] GET https://api.github.com/repos//actions/secrets/public-key type=owner
[debug] [2021-04-05T10:25:51.867Z] <<< [apiv2][status] GET https://api.github.com/repos//actions/secrets/public-key 404
[debug] [2021-04-05T10:25:51.867Z] <<< [apiv2][body] GET https://api.github.com/repos//actions/secrets/public-key {"message":"Not Found","documentation_url":"https://docs.github.com/rest"}
[debug] [2021-04-05T10:26:00.332Z] >>> [apiv2][query] GET https://api.github.com/repos//actions/secrets/public-key type=owner
[debug] [2021-04-05T10:26:00.559Z] <<< [apiv2][status] GET https://api.github.com/repos//actions/secrets/public-key 404
[debug] [2021-04-05T10:26:00.559Z] <<< [apiv2][body] GET https://api.github.com/repos//actions/secrets/public-key {"message":"Not Found","documentation_url":"https://docs.github.com/rest"}
[debug] [2021-04-05T10:26:00.810Z] >>> [apiv2][query] GET https://api.github.com/repos//actions/secrets/public-key type=owner
[debug] [2021-04-05T10:26:01.037Z] <<< [apiv2][status] GET https://api.github.com/repos//actions/secrets/public-key 404
[debug] [2021-04-05T10:26:01.037Z] <<< [apiv2][body] GET https://api.github.com/repos//actions/secrets/public-key {"message":"Not Found","documentation_url":"https://docs.github.com/rest"}
[debug] [2021-04-05T10:51:29.646Z] >>> [apiv2][query] GET https://api.github.com/repos/exit/actions/secrets/public-key type=owner
[debug] [2021-04-05T10:51:29.895Z] <<< [apiv2][status] GET https://api.github.com/repos/exit/actions/secrets/public-key 404
[debug] [2021-04-05T10:51:29.895Z] <<< [apiv2][body] GET https://api.github.com/repos/exit/actions/secrets/public-key {"message":"Not Found","documentation_url":"https://docs.github.com/rest"}
